<?xml version="1.0" encoding="UTF-8"?>
<testsuite xmlns:xsi="http://www.w3.org/2001/XMLSchema-instance" xsi:noNamespaceSchemaLocation="https://maven.apache.org/surefire/maven-surefire-plugin/xsd/surefire-test-report-3.0.xsd" version="3.0" name="com.mycompany.bank.proccesTest" time="0.053" tests="15" errors="0" skipped="0" failures="0">
  <properties>
[...]
</properties>
  <testcase name="testCalculateInterest_NegativeRate" classname="com.mycompany.bank.proccesTest" time="0.018">
    <system-out><![CDATA[Invalid interest rate!
]]></system-out>
  </testcase>
  <testcase name="testCalculateInterest_ValidRate" classname="com.mycompany.bank.proccesTest" time="0.003">
    <system-out><![CDATA[Interest added: 50.0
]]></system-out>
  </testcase>
  <testcase name="testDeposit_MultipleDeposits" classname="com.mycompany.bank.proccesTest" time="0.004">
    <system-out><![CDATA[Enter the Amount you want to deposit ::
 100 is deposited into your Account
Current Available Balance is Rs = 600
Enter the Amount you want to deposit ::
 200 is deposited into your Account
Current Available Balance is Rs = 800
]]></system-out>
  </testcase>
  <testcase name="testWithdraw_ValidAmount" classname="com.mycompany.bank.proccesTest" time="0.001">
    <system-out><![CDATA[Enter the Amount you want to withdraw:
 200 is withdrawn from your Account
Current Available Balance is Rs  ::800
]]></system-out>
  </testcase>
  <testcase name="testDeposit_ZeroAmount" classname="com.mycompany.bank.proccesTest" time="0.001">
    <system-out><![CDATA[Enter the Amount you want to deposit ::
 0 is deposited into your Account
Current Available Balance is Rs = 1000
]]></system-out>
  </testcase>
  <testcase name="testWithdraw_ZeroAmount" classname="com.mycompany.bank.proccesTest" time="0.001">
    <system-out><![CDATA[Enter the Amount you want to withdraw:
 0 is withdrawn from your Account
Current Available Balance is Rs  ::1000
]]></system-out>
  </testcase>
  <testcase name="testWithdraw_AmountGreaterThanBalance" classname="com.mycompany.bank.proccesTest" time="0.002">
    <system-out><![CDATA[Enter the Amount you want to withdraw:
Low Balance
Current Available Balance is Rs  ::500
]]></system-out>
  </testcase>
  <testcase name="testDeposit_NegativeAmount" classname="com.mycompany.bank.proccesTest" time="0.001">
    <system-out><![CDATA[Enter the Amount you want to deposit ::
 -200 is deposited into your Account
Current Available Balance is Rs = 800
]]></system-out>
  </testcase>
  <testcase name="testCalculateInterest_LargeRate" classname="com.mycompany.bank.proccesTest" time="0.001">
    <system-out><![CDATA[Interest added: 500.0
]]></system-out>
  </testcase>
  <testcase name="testCalculateInterest_FractionalRate" classname="com.mycompany.bank.proccesTest" time="0.001">
    <system-out><![CDATA[Interest added: 25.0
]]></system-out>
  </testcase>
  <testcase name="testWithdraw_NegativeAmount" classname="com.mycompany.bank.proccesTest" time="0.001">
    <system-out><![CDATA[Enter the Amount you want to withdraw:
 -50 is withdrawn from your Account
Current Available Balance is Rs  ::1050
]]></system-out>
  </testcase>
  <testcase name="testDeposit_ValidAmount" classname="com.mycompany.bank.proccesTest" time="0.001">
    <system-out><![CDATA[Enter the Amount you want to deposit ::
 500 is deposited into your Account
Current Available Balance is Rs = 1500
]]></system-out>
  </testcase>
  <testcase name="testCalculateInterest_ZeroRate" classname="com.mycompany.bank.proccesTest" time="0.001">
    <system-out><![CDATA[Invalid interest rate!
]]></system-out>
  </testcase>
  <testcase name="testWithdraw_AmountEqualToBalance" classname="com.mycompany.bank.proccesTest" time="0.001">
    <system-out><![CDATA[Enter the Amount you want to withdraw:
Low Balance
Current Available Balance is Rs  ::300
]]></system-out>
  </testcase>
  <testcase name="testDeposit_LargeAmount" classname="com.mycompany.bank.proccesTest" time="0.001">
    <system-out><![CDATA[Enter the Amount you want to deposit ::
 100000 is deposited into your Account
Current Available Balance is Rs = 101000
]]></system-out>
  </testcase>
</testsuite>